<?xml version="1.0" encoding="UTF-8"?>
<!-- Generated by org.testng.reporters.JUnitReportReporter -->
<testsuite hostname="Shwethas-MBP.askey.com" failures="0" tests="1" name="com.qa.tests.PutUsersAPITest" time="1.157" errors="0" timestamp="2022-12-14T23:03:55 PST" skipped="0">
  <testcase classname="com.qa.tests.PutUsersAPITest" name="PutUsersAPIWithHeaders" time="1.157"/>
  <system-out/>
</testsuite> <!-- com.qa.tests.PutUsersAPITest -->
