<?xml version="1.0" encoding="UTF-8"?>
<!-- Generated by org.testng.reporters.JUnitReportReporter -->
<testsuite hostname="Shwethas-MBP.askey.com" failures="0" tests="1" name="GetContactsAPITest" time="1.600" errors="0" timestamp="2022-12-10T22:28:52 PST" skipped="0">
  <testcase classname="GetContactsAPITest" name="getContactsApi" time="1.600"/>
  <system-out/>
</testsuite> <!-- GetContactsAPITest -->
