<?xml version="1.0" encoding="UTF-8"?>
<!-- Generated by org.testng.reporters.JUnitReportReporter -->
<testsuite hostname="Shwethas-MBP.askey.com" failures="0" tests="1" name="com.qa.tests.PostUsersPITest" time="1.129" errors="0" timestamp="2022-12-14T22:56:37 PST" skipped="0">
  <testcase classname="com.qa.tests.PostUsersPITest" name="postContactsApiWithHeaders" time="1.129"/>
  <system-out/>
</testsuite> <!-- com.qa.tests.PostUsersPITest -->
