<?xml version="1.0" encoding="UTF-8"?>
<!-- Generated by org.testng.reporters.JUnitReportReporter -->
<testsuite hostname="Shwethas-MBP.askey.com" failures="0" tests="1" name="com.qa.tests.PostContactAPITest" time="1.116" errors="0" timestamp="2022-12-12T22:32:02 PST" skipped="0">
  <testcase classname="com.qa.tests.PostContactAPITest" name="postContactsApiWithHeaders" time="1.116"/>
  <system-out/>
</testsuite> <!-- com.qa.tests.PostContactAPITest -->
